2025-02-16T15:29:13.998+05:30  INFO 19552 --- [ProdReadyFeatures] [main] c.s.p.ProdReadyFeaturesApplicationTests  : Starting ProdReadyFeaturesApplicationTests using Java 21.0.1 with PID 19552 (started by Pratham Kapadi in D:\Downloads\ProdReadyFeatures)
2025-02-16T15:29:14.001+05:30  INFO 19552 --- [ProdReadyFeatures] [main] c.s.p.ProdReadyFeaturesApplicationTests  : No active profile set, falling back to 1 default profile: "default"
2025-02-16T15:29:14.928+05:30  INFO 19552 --- [ProdReadyFeatures] [main] .s.d.r.c.RepositoryConfigurationDelegate : Bootstrapping Spring Data JPA repositories in DEFAULT mode.
2025-02-16T15:29:15.019+05:30  INFO 19552 --- [ProdReadyFeatures] [main] .s.d.r.c.RepositoryConfigurationDelegate : Finished Spring Data repository scanning in 80 ms. Found 1 JPA repository interface.
2025-02-16T15:29:16.034+05:30  INFO 19552 --- [ProdReadyFeatures] [main] o.hibernate.jpa.internal.util.LogHelper  : HHH000204: Processing PersistenceUnitInfo [name: default]
2025-02-16T15:29:16.118+05:30  INFO 19552 --- [ProdReadyFeatures] [main] org.hibernate.Version                    : HHH000412: Hibernate ORM core version 6.5.3.Final
2025-02-16T15:29:16.164+05:30  INFO 19552 --- [ProdReadyFeatures] [main] o.h.c.internal.RegionFactoryInitiator    : HHH000026: Second-level cache disabled
2025-02-16T15:29:16.637+05:30  INFO 19552 --- [ProdReadyFeatures] [main] o.s.o.j.p.SpringPersistenceUnitInfo      : No LoadTimeWeaver setup: ignoring JPA class transformer
2025-02-16T15:29:16.689+05:30  INFO 19552 --- [ProdReadyFeatures] [main] com.zaxxer.hikari.HikariDataSource       : HikariPool-1 - Starting...
2025-02-16T15:29:17.242+05:30  INFO 19552 --- [ProdReadyFeatures] [main] com.zaxxer.hikari.pool.HikariPool        : HikariPool-1 - Added connection com.mysql.cj.jdbc.ConnectionImpl@5aa7cfdf
2025-02-16T15:29:17.245+05:30  INFO 19552 --- [ProdReadyFeatures] [main] com.zaxxer.hikari.HikariDataSource       : HikariPool-1 - Start completed.
2025-02-16T15:29:18.555+05:30  INFO 19552 --- [ProdReadyFeatures] [main] o.h.e.t.j.p.i.JtaPlatformInitiator       : HHH000489: No JTA platform available (set 'hibernate.transaction.jta.platform' to enable JTA platform integration)
2025-02-16T15:29:18.932+05:30  INFO 19552 --- [ProdReadyFeatures] [main] j.LocalContainerEntityManagerFactoryBean : Initialized JPA EntityManagerFactory for persistence unit 'default'
2025-02-16T15:29:19.676+05:30  WARN 19552 --- [ProdReadyFeatures] [main] JpaBaseConfiguration$JpaWebConfiguration : spring.jpa.open-in-view is enabled by default. Therefore, database queries may be performed during view rendering. Explicitly configure spring.jpa.open-in-view to disable this warning
2025-02-16T15:29:20.221+05:30  INFO 19552 --- [ProdReadyFeatures] [main] c.s.p.ProdReadyFeaturesApplicationTests  : Started ProdReadyFeaturesApplicationTests in 6.696 seconds (process running for 8.074)
2025-02-16T15:29:20.853+05:30 DEBUG 19552 --- [ProdReadyFeatures] [main] c.s.p.Client.impl.EmployeeClientImpl     : Making GET request to fetch all employees...
2025-02-16T15:29:21.056+05:30 DEBUG 19552 --- [ProdReadyFeatures] [main] c.s.p.Client.impl.EmployeeClientImpl     : Received response with 14 employees.
2025-02-16T15:29:21.090+05:30  INFO 19552 --- [ProdReadyFeatures] [SpringApplicationShutdownHook] j.LocalContainerEntityManagerFactoryBean : Closing JPA EntityManagerFactory for persistence unit 'default'
2025-02-16T15:29:21.092+05:30  INFO 19552 --- [ProdReadyFeatures] [SpringApplicationShutdownHook] com.zaxxer.hikari.HikariDataSource       : HikariPool-1 - Shutdown initiated...
2025-02-16T15:29:21.106+05:30  INFO 19552 --- [ProdReadyFeatures] [SpringApplicationShutdownHook] com.zaxxer.hikari.HikariDataSource       : HikariPool-1 - Shutdown completed.
